f:\siggraph\image_comp\image_inpainting\image_inpainting\image_inpainting\x64\debug\vc141.pdb
f:\siggraph\image_comp\image_inpainting\image_inpainting\image_inpainting\x64\debug\vc141.idb
f:\siggraph\image_comp\image_inpainting\image_inpainting\image_inpainting\x64\debug\math_function.obj
f:\siggraph\image_comp\image_inpainting\image_inpainting\image_inpainting\x64\debug\main.obj
f:\siggraph\image_comp\image_inpainting\image_inpainting\image_inpainting\x64\debug\structure_propagation.obj
f:\siggraph\image_comp\image_inpainting\image_inpainting\image_inpainting\x64\debug\image.obj
f:\siggraph\image_comp\image_inpainting\image_inpainting\image_inpainting\x64\debug\structure_propagation.new.obj.enc
f:\siggraph\image_comp\image_inpainting\image_inpainting\x64\debug\image_inpainting.pdb
f:\siggraph\image_comp\image_inpainting\image_inpainting\image_inpainting\x64\debug\image_inpainting.tlog\cl.command.1.tlog
f:\siggraph\image_comp\image_inpainting\image_inpainting\image_inpainting\x64\debug\image_inpainting.tlog\cl.read.1.tlog
f:\siggraph\image_comp\image_inpainting\image_inpainting\image_inpainting\x64\debug\image_inpainting.tlog\cl.write.1.tlog
f:\siggraph\image_comp\image_inpainting\image_inpainting\image_inpainting\x64\debug\image_inpainting.tlog\link.18032-cvtres.read.1.tlog
f:\siggraph\image_comp\image_inpainting\image_inpainting\image_inpainting\x64\debug\image_inpainting.tlog\link.18032-cvtres.write.1.tlog
f:\siggraph\image_comp\image_inpainting\image_inpainting\image_inpainting\x64\debug\image_inpainting.tlog\link.18032-rc.read.1.tlog
f:\siggraph\image_comp\image_inpainting\image_inpainting\image_inpainting\x64\debug\image_inpainting.tlog\link.18032-rc.write.1.tlog
f:\siggraph\image_comp\image_inpainting\image_inpainting\image_inpainting\x64\debug\image_inpainting.tlog\link.18032.read.1.tlog
f:\siggraph\image_comp\image_inpainting\image_inpainting\image_inpainting\x64\debug\image_inpainting.tlog\link.18032.write.1.tlog
f:\siggraph\image_comp\image_inpainting\image_inpainting\image_inpainting\x64\debug\image_inpainting.tlog\link.command.1.tlog
f:\siggraph\image_comp\image_inpainting\image_inpainting\image_inpainting\x64\debug\image_inpainting.tlog\link.read.1.tlog
f:\siggraph\image_comp\image_inpainting\image_inpainting\image_inpainting\x64\debug\image_inpainting.tlog\link.write.1.tlog
